# JRE version: OpenJDK Runtime Environment Microsoft-12574459 (21.0.9+10) (build 21.0.9+10-LTS)
# Java VM: OpenJDK 64-Bit Server VM Microsoft-12574459 (21.0.9+10-LTS, mixed mode, sharing, tiered, compressed oops, compressed class ptrs, g1 gc, windows-amd64)
GC Precious Log:
 CardTable entry size: 512
 Card Set container configuration: InlinePtr #cards 5 size 8 Array Of Cards #cards 12 size 40 Howl #buckets 4 coarsen threshold 1843 Howl Bitmap #cards 512 size 80 coarsen threshold 460 Card regions per heap region 1 cards per card region 2048
 CPUs: 12 total, 12 available
 Memory: 24194M
 Large Page Support: Disabled
 NUMA Support: Disabled
 Compressed Oops: Enabled (32-bit)
 Heap Region Size: 1M
 Heap Min Capacity: 256M
 Heap Initial Capacity: 256M
 Heap Max Capacity: 512M
 Pre-touch: Disabled
 Parallel Workers: 10
 Concurrent Workers: 3
 Concurrent Refinement Workers: 10
 Periodic GC: Disabled
Heap:
 garbage-first heap   total 262144K, used 117433K [0x00000000e0000000, 0x0000000100000000)
  region size 1024K, 30 young (30720K), 18 survivors (18432K)
 Metaspace       used 73014K, committed 75136K, reserved 393216K
  class space    used 10459K, committed 11456K, reserved 327680K
GC Heap History (20 events):
Event: 0.418 GC heap before
{Heap before GC invocations=0 (full 0):
 garbage-first heap   total 262144K, used 23552K [0x00000000e0000000, 0x0000000100000000)
  region size 1024K, 23 young (23552K), 0 survivors (0K)
 Metaspace       used 912K, committed 1024K, reserved 393216K
  class space    used 75K, committed 128K, reserved 327680K
}
Event: 0.420 GC heap after
{Heap after GC invocations=1 (full 0):
 garbage-first heap   total 262144K, used 1717K [0x00000000e0000000, 0x0000000100000000)
  region size 1024K, 2 young (2048K), 2 survivors (2048K)
 Metaspace       used 912K, committed 1024K, reserved 393216K
  class space    used 75K, committed 128K, reserved 327680K
}
Event: 0.999 GC heap before
{Heap before GC invocations=1 (full 0):
 garbage-first heap   total 262144K, used 41653K [0x00000000e0000000, 0x0000000100000000)
  region size 1024K, 39 young (39936K), 2 survivors (2048K)
 Metaspace       used 4434K, committed 4608K, reserved 393216K
  class space    used 563K, committed 640K, reserved 327680K
}
Event: 1.003 GC heap after
{Heap after GC invocations=2 (full 0):
 garbage-first heap   total 262144K, used 10782K [0x00000000e0000000, 0x0000000100000000)
  region size 1024K, 5 young (5120K), 5 survivors (5120K)
 Metaspace       used 4434K, committed 4608K, reserved 393216K
  class space    used 563K, committed 640K, reserved 327680K
}
Event: 1.782 GC heap before
{Heap before GC invocations=2 (full 0):
 garbage-first heap   total 262144K, used 76318K [0x00000000e0000000, 0x0000000100000000)
  region size 1024K, 67 young (68608K), 5 survivors (5120K)
 Metaspace       used 8908K, committed 9216K, reserved 393216K
  class space    used 1196K, committed 1344K, reserved 327680K
}
Event: 1.788 GC heap after
{Heap after GC invocations=3 (full 0):
 garbage-first heap   total 262144K, used 18542K [0x00000000e0000000, 0x0000000100000000)
  region size 1024K, 9 young (9216K), 9 survivors (9216K)
 Metaspace       used 8908K, committed 9216K, reserved 393216K
  class space    used 1196K, committed 1344K, reserved 327680K
}
Event: 2.905 GC heap before
{Heap before GC invocations=3 (full 0):
 garbage-first heap   total 262144K, used 93294K [0x00000000e0000000, 0x0000000100000000)
  region size 1024K, 83 young (84992K), 9 survivors (9216K)
 Metaspace       used 20829K, committed 21504K, reserved 393216K
  class space    used 3058K, committed 3392K, reserved 327680K
}
Event: 2.914 GC heap after
{Heap after GC invocations=4 (full 0):
 garbage-first heap   total 262144K, used 24169K [0x00000000e0000000, 0x0000000100000000)
  region size 1024K, 15 young (15360K), 15 survivors (15360K)
 Metaspace       used 20829K, committed 21504K, reserved 393216K
  class space    used 3058K, committed 3392K, reserved 327680K
}
Event: 4.715 GC heap before
{Heap before GC invocations=5 (full 0):
 garbage-first heap   total 262144K, used 147049K [0x00000000e0000000, 0x0000000100000000)
  region size 1024K, 111 young (113664K), 15 survivors (15360K)
 Metaspace       used 34954K, committed 35968K, reserved 393216K
  class space    used 5058K, committed 5568K, reserved 327680K
}
Event: 4.728 GC heap after
{Heap after GC invocations=6 (full 0):
 garbage-first heap   total 262144K, used 59668K [0x00000000e0000000, 0x0000000100000000)
  region size 1024K, 19 young (19456K), 19 survivors (19456K)
 Metaspace       used 34954K, committed 35968K, reserved 393216K
  class space    used 5058K, committed 5568K, reserved 327680K
}
Event: 6.220 GC heap before
{Heap before GC invocations=7 (full 0):
 garbage-first heap   total 262144K, used 204052K [0x00000000e0000000, 0x0000000100000000)
  region size 1024K, 153 young (156672K), 19 survivors (19456K)
 Metaspace       used 48454K, committed 50048K, reserved 393216K
  class space    used 7203K, committed 8000K, reserved 327680K
}
Event: 6.235 GC heap after
{Heap after GC invocations=8 (full 0):
 garbage-first heap   total 262144K, used 71128K [0x00000000e0000000, 0x0000000100000000)
  region size 1024K, 19 young (19456K), 19 survivors (19456K)
 Metaspace       used 48454K, committed 50048K, reserved 393216K
  class space    used 7203K, committed 8000K, reserved 327680K
}
Event: 6.740 GC heap before
{Heap before GC invocations=8 (full 0):
 garbage-first heap   total 262144K, used 208344K [0x00000000e0000000, 0x0000000100000000)
  region size 1024K, 153 young (156672K), 19 survivors (19456K)
 Metaspace       used 49552K, committed 51200K, reserved 393216K
  class space    used 7312K, committed 8128K, reserved 327680K
}
Event: 6.749 GC heap after
{Heap after GC invocations=9 (full 0):
 garbage-first heap   total 262144K, used 74694K [0x00000000e0000000, 0x0000000100000000)
  region size 1024K, 13 young (13312K), 13 survivors (13312K)
 Metaspace       used 49552K, committed 51200K, reserved 393216K
  class space    used 7312K, committed 8128K, reserved 327680K
}
Event: 7.880 GC heap before
{Heap before GC invocations=9 (full 0):
 garbage-first heap   total 262144K, used 232390K [0x00000000e0000000, 0x0000000100000000)
  region size 1024K, 152 young (155648K), 13 survivors (13312K)
 Metaspace       used 57281K, committed 59072K, reserved 393216K
  class space    used 8206K, committed 9088K, reserved 327680K
}
Event: 7.888 GC heap after
{Heap after GC invocations=10 (full 0):
 garbage-first heap   total 262144K, used 95783K [0x00000000e0000000, 0x0000000100000000)
  region size 1024K, 11 young (11264K), 11 survivors (11264K)
 Metaspace       used 57281K, committed 59072K, reserved 393216K
  class space    used 8206K, committed 9088K, reserved 327680K
}
Event: 7.973 GC heap before
{Heap before GC invocations=10 (full 0):
 garbage-first heap   total 262144K, used 102951K [0x00000000e0000000, 0x0000000100000000)
  region size 1024K, 19 young (19456K), 11 survivors (11264K)
 Metaspace       used 58314K, committed 60096K, reserved 393216K
  class space    used 8346K, committed 9216K, reserved 327680K
}
Event: 7.978 GC heap after
{Heap after GC invocations=11 (full 0):
 garbage-first heap   total 262144K, used 95203K [0x00000000e0000000, 0x0000000100000000)
  region size 1024K, 11 young (11264K), 11 survivors (11264K)
 Metaspace       used 58314K, committed 60096K, reserved 393216K
  class space    used 8346K, committed 9216K, reserved 327680K
}
Event: 10.603 GC heap before
{Heap before GC invocations=12 (full 0):
 garbage-first heap   total 262144K, used 236515K [0x00000000e0000000, 0x0000000100000000)
  region size 1024K, 150 young (153600K), 11 survivors (11264K)
 Metaspace       used 72819K, committed 74944K, reserved 393216K
  class space    used 10436K, committed 11456K, reserved 327680K
}
Event: 10.613 GC heap after
{Heap after GC invocations=13 (full 0):
 garbage-first heap   total 262144K, used 106169K [0x00000000e0000000, 0x0000000100000000)
  region size 1024K, 18 young (18432K), 18 survivors (18432K)
 Metaspace       used 72819K, committed 74944K, reserved 393216K
  class space    used 10436K, committed 11456K, reserved 327680K
}

